[debug] [2023-11-25T19:02:07.696Z] ----------------------------------------------------------------------
[debug] [2023-11-25T19:02:07.701Z] Command:       C:\Program Files\nodejs\node.exe C:\Users\ekale\AppData\Roaming\npm\node_modules\firebase-tools\lib\bin\firebase.js deploy
[debug] [2023-11-25T19:02:07.702Z] CLI Version:   12.9.1
[debug] [2023-11-25T19:02:07.703Z] Platform:      win32
[debug] [2023-11-25T19:02:07.703Z] Node Version:  v20.2.0
[debug] [2023-11-25T19:02:07.704Z] Time:          Sat Nov 25 2023 14:02:07 GMT-0500 (Eastern Standard Time)
[debug] [2023-11-25T19:02:07.704Z] ----------------------------------------------------------------------
[debug] 
[debug] [2023-11-25T19:02:07.933Z] > command requires scopes: ["email","openid","https://www.googleapis.com/auth/cloudplatformprojects.readonly","https://www.googleapis.com/auth/firebase","https://www.googleapis.com/auth/cloud-platform"]
[debug] [2023-11-25T19:02:07.935Z] > authorizing via signed-in user (eric@onthymepersonalchef.com)
[debug] [2023-11-25T19:02:07.936Z] [iam] checking project website-211bf for permissions ["firebase.projects.get","firebasehosting.sites.update"]
[debug] [2023-11-25T19:02:07.941Z] >>> [apiv2][query] POST https://cloudresourcemanager.googleapis.com/v1/projects/website-211bf:testIamPermissions [none]
[debug] [2023-11-25T19:02:07.942Z] >>> [apiv2][(partial)header] POST https://cloudresourcemanager.googleapis.com/v1/projects/website-211bf:testIamPermissions x-goog-quota-user=projects/website-211bf
[debug] [2023-11-25T19:02:07.943Z] >>> [apiv2][body] POST https://cloudresourcemanager.googleapis.com/v1/projects/website-211bf:testIamPermissions {"permissions":["firebase.projects.get","firebasehosting.sites.update"]}
[debug] [2023-11-25T19:02:08.708Z] <<< [apiv2][status] POST https://cloudresourcemanager.googleapis.com/v1/projects/website-211bf:testIamPermissions 200
[debug] [2023-11-25T19:02:08.712Z] <<< [apiv2][body] POST https://cloudresourcemanager.googleapis.com/v1/projects/website-211bf:testIamPermissions {"permissions":["firebase.projects.get","firebasehosting.sites.update"]}
[debug] [2023-11-25T19:02:08.720Z] >>> [apiv2][query] GET https://firebase.googleapis.com/v1beta1/projects/website-211bf [none]
[debug] [2023-11-25T19:02:09.316Z] <<< [apiv2][status] GET https://firebase.googleapis.com/v1beta1/projects/website-211bf 200
[debug] [2023-11-25T19:02:09.319Z] <<< [apiv2][body] GET https://firebase.googleapis.com/v1beta1/projects/website-211bf {"projectId":"website-211bf","projectNumber":"396179417522","displayName":"Website","name":"projects/website-211bf","resources":{"hostingSite":"website-211bf","storageBucket":"website-211bf.appspot.com","locationId":"us-east1"},"state":"ACTIVE","etag":"1_96984858-6d6c-42b5-a989-1009491a1c97"}
[debug] [2023-11-25T19:02:17.827Z] >>> [apiv2][query] GET https://firebasehosting.googleapis.com/v1beta1/projects/website-211bf/sites pageToken=&pageSize=10
[debug] [2023-11-25T19:02:18.659Z] <<< [apiv2][status] GET https://firebasehosting.googleapis.com/v1beta1/projects/website-211bf/sites 200
[debug] [2023-11-25T19:02:18.661Z] <<< [apiv2][body] GET https://firebasehosting.googleapis.com/v1beta1/projects/website-211bf/sites {"sites":[{"name":"projects/website-211bf/sites/website-211bf","defaultUrl":"https://website-211bf.web.app","type":"DEFAULT_SITE"}]}
[debug] [2023-11-25T19:02:18.664Z] >>> [apiv2][query] GET https://firebasehosting.googleapis.com/v1beta1/projects/website-211bf/sites 
[debug] [2023-11-25T19:02:19.184Z] <<< [apiv2][status] GET https://firebasehosting.googleapis.com/v1beta1/projects/website-211bf/sites 200
[debug] [2023-11-25T19:02:19.189Z] <<< [apiv2][body] GET https://firebasehosting.googleapis.com/v1beta1/projects/website-211bf/sites {"sites":[{"name":"projects/website-211bf/sites/website-211bf","defaultUrl":"https://website-211bf.web.app","type":"DEFAULT_SITE"}]}
[debug] [2023-11-25T19:02:19.193Z] >>> [apiv2][query] GET https://firebase.googleapis.com/v1beta1/projects/website-211bf/webApps/-/config [none]
[debug] [2023-11-25T19:02:19.714Z] <<< [apiv2][status] GET https://firebase.googleapis.com/v1beta1/projects/website-211bf/webApps/-/config 200
[debug] [2023-11-25T19:02:19.715Z] <<< [apiv2][body] GET https://firebase.googleapis.com/v1beta1/projects/website-211bf/webApps/-/config {"projectId":"website-211bf","storageBucket":"website-211bf.appspot.com","locationId":"us-east1","apiKey":"AIzaSyD7JNviRxu3VKgXnzC_3ORmDJC8r6UhgB0","authDomain":"website-211bf.firebaseapp.com","messagingSenderId":"396179417522"}
[info] 
   Thank you for trying our early preview of Next.js support on Firebase Hosting.
   During the preview, support is best-effort and breaking changes can be expected. Proceed with caution.

   Documentation: https://firebase.google.com/docs/hosting/frameworks/nextjs
   File a bug: https://github.com/firebase/firebase-tools/issues/new?template=bug_report.md
   Submit a feature request: https://github.com/firebase/firebase-tools/issues/new?template=feature_request.md

   We'd love to learn from you. Express your interest in helping us shape the future of Firebase Hosting: https://goo.gle/41enW5X

[info] warn  - You have enabled experimental feature (appDir) in next.config.js.

[info] info  - Thank you for testing `appDir` please leave your feedback at https://nextjs.link/app-feedback

[info] warn  - Experimental features are not covered by semver, and may cause unexpected or broken application behavior. Use at your own risk.


[info] info  - Creating an optimized production build...

[info] ^C
